This file contains any messages produced by compilers while
running configure, to aid debugging if configure makes a mistake.

It was created by libmnl configure 1.0.3, which was
generated by GNU Autoconf 2.69.  Invocation command line was

  $ ./configure 

## --------- ##
## Platform. ##
## --------- ##

hostname = ubuntu
uname -m = i686
uname -r = 3.13.0-49-generic
uname -s = Linux
uname -v = #81-Ubuntu SMP Tue Mar 24 19:29:15 UTC 2015

/usr/bin/uname -p = unknown
/bin/uname -X     = unknown

/bin/arch              = unknown
/usr/bin/arch -k       = unknown
/usr/convex/getsysinfo = unknown
/usr/bin/hostinfo      = unknown
/bin/machine           = unknown
/usr/bin/oslevel       = unknown
/bin/universe          = unknown

PATH: /usr/local/sbin
PATH: /usr/local/bin
PATH: /usr/sbin
PATH: /usr/bin
PATH: /sbin
PATH: /bin
PATH: /usr/games
PATH: /usr/local/games


## ----------- ##
## Core tests. ##
## ----------- ##

configure:2144: checking build system type
configure:2158: result: i686-pc-linux-gnu
configure:2178: checking host system type
configure:2191: result: i686-pc-linux-gnu
configure:2230: checking for a BSD-compatible install
configure:2298: result: /usr/bin/install -c
configure:2309: checking whether build environment is sane
configure:2359: result: yes
configure:2500: checking for a thread-safe mkdir -p
configure:2539: result: /bin/mkdir -p
configure:2552: checking for gawk
configure:2582: result: no
configure:2552: checking for mawk
configure:2568: found /usr/bin/mawk
configure:2579: result: mawk
configure:2590: checking whether make sets $(MAKE)
configure:2612: result: yes
configure:2687: checking how to create a pax tar archive
configure:2700: tar --version
tar (GNU tar) 1.27.1
Copyright (C) 2013 Free Software Foundation, Inc.
License GPLv3+: GNU GPL version 3 or later <http://gnu.org/licenses/gpl.html>.
This is free software: you are free to change and redistribute it.
There is NO WARRANTY, to the extent permitted by law.

Written by John Gilmore and Jay Fenlason.
configure:2703: $? = 0
configure:2743: tardir=conftest.dir && eval tar --format=posix -chf - "$tardir" >conftest.tar
configure:2746: $? = 0
configure:2750: tar -xf - <conftest.tar
configure:2753: $? = 0
configure:2766: result: gnutar
configure:2785: checking whether make supports nested variables
configure:2802: result: yes
configure:2862: checking for gcc
configure:2878: found /usr/bin/gcc
configure:2889: result: gcc
configure:3118: checking for C compiler version
configure:3127: gcc --version >&5
gcc (Ubuntu 4.8.2-19ubuntu1) 4.8.2
Copyright (C) 2013 Free Software Foundation, Inc.
This is free software; see the source for copying conditions.  There is NO
warranty; not even for MERCHANTABILITY or FITNESS FOR A PARTICULAR PURPOSE.

configure:3138: $? = 0
configure:3127: gcc -v >&5
Using built-in specs.
COLLECT_GCC=gcc
COLLECT_LTO_WRAPPER=/usr/lib/gcc/i686-linux-gnu/4.8/lto-wrapper
Target: i686-linux-gnu
Configured with: ../src/configure -v --with-pkgversion='Ubuntu 4.8.2-19ubuntu1' --with-bugurl=file:///usr/share/doc/gcc-4.8/README.Bugs --enable-languages=c,c++,java,go,d,fortran,objc,obj-c++ --prefix=/usr --program-suffix=-4.8 --enable-shared --enable-linker-build-id --libexecdir=/usr/lib --without-included-gettext --enable-threads=posix --with-gxx-include-dir=/usr/include/c++/4.8 --libdir=/usr/lib --enable-nls --with-sysroot=/ --enable-clocale=gnu --enable-libstdcxx-debug --enable-libstdcxx-time=yes --enable-gnu-unique-object --disable-libmudflap --enable-plugin --with-system-zlib --disable-browser-plugin --enable-java-awt=gtk --enable-gtk-cairo --with-java-home=/usr/lib/jvm/java-1.5.0-gcj-4.8-i386/jre --enable-java-home --with-jvm-root-dir=/usr/lib/jvm/java-1.5.0-gcj-4.8-i386 --with-jvm-jar-dir=/usr/lib/jvm-exports/java-1.5.0-gcj-4.8-i386 --with-arch-directory=i386 --with-ecj-jar=/usr/share/java/eclipse-ecj.jar --enable-objc-gc --enable-targets=all --enable-multiarch --disable-werror --with-arch-32=i686 --with-multilib-list=m32,m64,mx32 --with-tune=generic --enable-checking=release --build=i686-linux-gnu --host=i686-linux-gnu --target=i686-linux-gnu
Thread model: posix
gcc version 4.8.2 (Ubuntu 4.8.2-19ubuntu1) 
configure:3138: $? = 0
configure:3127: gcc -V >&5
gcc: error: unrecognized command line option '-V'
gcc: fatal error: no input files
compilation terminated.
configure:3138: $? = 4
configure:3127: gcc -qversion >&5
gcc: error: unrecognized command line option '-qversion'
gcc: fatal error: no input files
compilation terminated.
configure:3138: $? = 4
configure:3158: checking whether the C compiler works
configure:3180: gcc    conftest.c  >&5
configure:3184: $? = 0
configure:3232: result: yes
configure:3235: checking for C compiler default output file name
configure:3237: result: a.out
configure:3243: checking for suffix of executables
configure:3250: gcc -o conftest    conftest.c  >&5
configure:3254: $? = 0
configure:3276: result: 
configure:3298: checking whether we are cross compiling
configure:3306: gcc -o conftest    conftest.c  >&5
configure:3310: $? = 0
configure:3317: ./conftest
configure:3321: $? = 0
configure:3336: result: no
configure:3341: checking for suffix of object files
configure:3363: gcc -c   conftest.c >&5
configure:3367: $? = 0
configure:3388: result: o
configure:3392: checking whether we are using the GNU C compiler
configure:3411: gcc -c   conftest.c >&5
configure:3411: $? = 0
configure:3420: result: yes
configure:3429: checking whether gcc accepts -g
configure:3449: gcc -c -g  conftest.c >&5
configure:3449: $? = 0
configure:3490: result: yes
configure:3507: checking for gcc option to accept ISO C89
configure:3570: gcc  -c -g -O2  conftest.c >&5
configure:3570: $? = 0
configure:3583: result: none needed
configure:3614: checking for style of include used by make
configure:3642: result: GNU
configure:3668: checking dependency style of gcc
configure:3779: result: gcc3
configure:3795: checking whether gcc and cc understand -c and -o together
configure:3826: gcc -c conftest.c -o conftest2.o >&5
configure:3830: $? = 0
configure:3836: gcc -c conftest.c -o conftest2.o >&5
configure:3840: $? = 0
configure:3851: cc -c conftest.c >&5
configure:3855: $? = 0
configure:3863: cc -c conftest.c -o conftest2.o >&5
configure:3867: $? = 0
configure:3873: cc -c conftest.c -o conftest2.o >&5
configure:3877: $? = 0
configure:3895: result: yes
configure:3998: checking how to print strings
configure:4025: result: printf
configure:4046: checking for a sed that does not truncate output
configure:4110: result: /bin/sed
configure:4128: checking for grep that handles long lines and -e
configure:4186: result: /bin/grep
configure:4191: checking for egrep
configure:4253: result: /bin/grep -E
configure:4258: checking for fgrep
configure:4320: result: /bin/grep -F
configure:4355: checking for ld used by gcc
configure:4422: result: /usr/bin/ld
configure:4429: checking if the linker (/usr/bin/ld) is GNU ld
configure:4444: result: yes
configure:4456: checking for BSD- or MS-compatible name lister (nm)
configure:4505: result: /usr/bin/nm -B
configure:4635: checking the name lister (/usr/bin/nm -B) interface
configure:4642: gcc -c -g -O2  conftest.c >&5
configure:4645: /usr/bin/nm -B "conftest.o"
configure:4648: output
00000000 B some_variable
configure:4655: result: BSD nm
configure:4658: checking whether ln -s works
configure:4662: result: yes
configure:4670: checking the maximum length of command line arguments
configure:4800: result: 1572864
configure:4817: checking whether the shell understands some XSI constructs
configure:4827: result: yes
configure:4831: checking whether the shell understands "+="
configure:4837: result: yes
configure:4872: checking how to convert i686-pc-linux-gnu file names to i686-pc-linux-gnu format
configure:4912: result: func_convert_file_noop
configure:4919: checking how to convert i686-pc-linux-gnu file names to toolchain format
configure:4939: result: func_convert_file_noop
configure:4946: checking for /usr/bin/ld option to reload object files
configure:4953: result: -r
configure:5027: checking for objdump
configure:5043: found /usr/bin/objdump
configure:5054: result: objdump
configure:5086: checking how to recognize dependent libraries
configure:5288: result: pass_all
configure:5373: checking for dlltool
configure:5403: result: no
configure:5433: checking how to associate runtime and link libraries
configure:5460: result: printf %s\n
configure:5521: checking for ar
configure:5537: found /usr/bin/ar
configure:5548: result: ar
configure:5585: checking for archiver @FILE support
configure:5602: gcc -c -g -O2  conftest.c >&5
configure:5602: $? = 0
configure:5605: ar cru libconftest.a @conftest.lst >&5
configure:5608: $? = 0
configure:5613: ar cru libconftest.a @conftest.lst >&5
ar: conftest.o: No such file or directory
configure:5616: $? = 1
configure:5628: result: @
configure:5686: checking for strip
configure:5702: found /usr/bin/strip
configure:5713: result: strip
configure:5785: checking for ranlib
configure:5801: found /usr/bin/ranlib
configure:5812: result: ranlib
configure:5914: checking command to parse /usr/bin/nm -B output from gcc object
configure:6034: gcc -c -g -O2  conftest.c >&5
configure:6037: $? = 0
configure:6041: /usr/bin/nm -B conftest.o \| sed -n -e 's/^.*[ ]\([ABCDGIRSTW][ABCDGIRSTW]*\)[ ][ ]*\([_A-Za-z][_A-Za-z0-9]*\)$/\1 \2 \2/p' | sed '/ __gnu_lto/d' \> conftest.nm
configure:6044: $? = 0
configure:6110: gcc -o conftest -g -O2   conftest.c conftstm.o >&5
configure:6113: $? = 0
configure:6151: result: ok
configure:6188: checking for sysroot
configure:6218: result: no
configure:6474: checking for mt
configure:6490: found /bin/mt
configure:6501: result: mt
configure:6524: checking if mt is a manifest tool
configure:6530: mt '-?'
configure:6538: result: no
configure:7180: checking how to run the C preprocessor
configure:7211: gcc -E  conftest.c
configure:7211: $? = 0
configure:7225: gcc -E  conftest.c
conftest.c:11:28: fatal error: ac_nonexistent.h: No such file or directory
 #include <ac_nonexistent.h>
                            ^
compilation terminated.
configure:7225: $? = 1
configure: failed program was:
| /* confdefs.h */
| #define PACKAGE_NAME "libmnl"
| #define PACKAGE_TARNAME "libmnl"
| #define PACKAGE_VERSION "1.0.3"
| #define PACKAGE_STRING "libmnl 1.0.3"
| #define PACKAGE_BUGREPORT ""
| #define PACKAGE_URL ""
| #define PACKAGE "libmnl"
| #define VERSION "1.0.3"
| /* end confdefs.h.  */
| #include <ac_nonexistent.h>
configure:7250: result: gcc -E
configure:7270: gcc -E  conftest.c
configure:7270: $? = 0
configure:7284: gcc -E  conftest.c
conftest.c:11:28: fatal error: ac_nonexistent.h: No such file or directory
 #include <ac_nonexistent.h>
                            ^
compilation terminated.
configure:7284: $? = 1
configure: failed program was:
| /* confdefs.h */
| #define PACKAGE_NAME "libmnl"
| #define PACKAGE_TARNAME "libmnl"
| #define PACKAGE_VERSION "1.0.3"
| #define PACKAGE_STRING "libmnl 1.0.3"
| #define PACKAGE_BUGREPORT ""
| #define PACKAGE_URL ""
| #define PACKAGE "libmnl"
| #define VERSION "1.0.3"
| /* end confdefs.h.  */
| #include <ac_nonexistent.h>
configure:7313: checking for ANSI C header files
configure:7333: gcc -c -g -O2  conftest.c >&5
configure:7333: $? = 0
configure:7406: gcc -o conftest -g -O2   conftest.c  >&5
configure:7406: $? = 0
configure:7406: ./conftest
configure:7406: $? = 0
configure:7417: result: yes
configure:7430: checking for sys/types.h
configure:7430: gcc -c -g -O2  conftest.c >&5
configure:7430: $? = 0
configure:7430: result: yes
configure:7430: checking for sys/stat.h
configure:7430: gcc -c -g -O2  conftest.c >&5
configure:7430: $? = 0
configure:7430: result: yes
configure:7430: checking for stdlib.h
configure:7430: gcc -c -g -O2  conftest.c >&5
configure:7430: $? = 0
configure:7430: result: yes
configure:7430: checking for string.h
configure:7430: gcc -c -g -O2  conftest.c >&5
configure:7430: $? = 0
configure:7430: result: yes
configure:7430: checking for memory.h
configure:7430: gcc -c -g -O2  conftest.c >&5
configure:7430: $? = 0
configure:7430: result: yes
configure:7430: checking for strings.h
configure:7430: gcc -c -g -O2  conftest.c >&5
configure:7430: $? = 0
configure:7430: result: yes
configure:7430: checking for inttypes.h
configure:7430: gcc -c -g -O2  conftest.c >&5
configure:7430: $? = 0
configure:7430: result: yes
configure:7430: checking for stdint.h
configure:7430: gcc -c -g -O2  conftest.c >&5
configure:7430: $? = 0
configure:7430: result: yes
configure:7430: checking for unistd.h
configure:7430: gcc -c -g -O2  conftest.c >&5
configure:7430: $? = 0
configure:7430: result: yes
configure:7444: checking for dlfcn.h
configure:7444: gcc -c -g -O2  conftest.c >&5
configure:7444: $? = 0
configure:7444: result: yes
configure:7620: checking for objdir
configure:7635: result: .libs
configure:7906: checking if gcc supports -fno-rtti -fno-exceptions
configure:7924: gcc -c -g -O2  -fno-rtti -fno-exceptions conftest.c >&5
cc1: warning: command line option '-fno-rtti' is valid for C++/ObjC++ but not for C [enabled by default]
configure:7928: $? = 0
configure:7941: result: no
configure:8268: checking for gcc option to produce PIC
configure:8275: result: -fPIC -DPIC
configure:8283: checking if gcc PIC flag -fPIC -DPIC works
configure:8301: gcc -c -g -O2  -fPIC -DPIC -DPIC conftest.c >&5
configure:8305: $? = 0
configure:8318: result: yes
configure:8347: checking if gcc static flag -static works
configure:8375: result: yes
configure:8390: checking if gcc supports -c -o file.o
configure:8411: gcc -c -g -O2  -o out/conftest2.o conftest.c >&5
configure:8415: $? = 0
configure:8437: result: yes
configure:8445: checking if gcc supports -c -o file.o
configure:8492: result: yes
configure:8525: checking whether the gcc linker (/usr/bin/ld) supports shared libraries
configure:9682: result: yes
configure:9719: checking whether -lc should be explicitly linked in
configure:9727: gcc -c -g -O2  conftest.c >&5
configure:9730: $? = 0
configure:9745: gcc -shared  -fPIC -DPIC conftest.o  -v -Wl,-soname -Wl,conftest -o conftest 2\>\&1 \| /bin/grep  -lc  \>/dev/null 2\>\&1
configure:9748: $? = 0
configure:9762: result: no
configure:9922: checking dynamic linker characteristics
configure:10433: gcc -o conftest -g -O2   -Wl,-rpath -Wl,/foo conftest.c  >&5
configure:10433: $? = 0
configure:10667: result: GNU/Linux ld.so
configure:10774: checking how to hardcode library paths into programs
configure:10799: result: immediate
configure:11339: checking whether stripping libraries is possible
configure:11344: result: yes
configure:11379: checking if libtool supports shared libraries
configure:11381: result: yes
configure:11384: checking whether to build shared libraries
configure:11405: result: yes
configure:11408: checking whether to build static libraries
configure:11412: result: no
configure:11458: checking whether compiler accepts -fvisibility=hidden
configure:11467: gcc -c -g -O2 -fvisibility=hidden  conftest.c >&5
configure:11467: $? = 0
configure:11475: result: yes
configure:11635: creating ./config.status

## ---------------------- ##
## Running config.status. ##
## ---------------------- ##

This file was extended by libmnl config.status 1.0.3, which was
generated by GNU Autoconf 2.69.  Invocation command line was

  CONFIG_FILES    = 
  CONFIG_HEADERS  = 
  CONFIG_LINKS    = 
  CONFIG_COMMANDS = 
  $ ./config.status 

on ubuntu

config.status:1094: creating Makefile
config.status:1094: creating src/Makefile
config.status:1094: creating include/Makefile
config.status:1094: creating include/libmnl/Makefile
config.status:1094: creating include/linux/Makefile
config.status:1094: creating examples/Makefile
config.status:1094: creating examples/genl/Makefile
config.status:1094: creating examples/netfilter/Makefile
config.status:1094: creating examples/rtnl/Makefile
config.status:1094: creating libmnl.pc
config.status:1094: creating doxygen.cfg
config.status:1094: creating config.h
config.status:1323: executing depfiles commands
config.status:1323: executing libtool commands

## ---------------- ##
## Cache variables. ##
## ---------------- ##

ac_cv_build=i686-pc-linux-gnu
ac_cv_c_compiler_gnu=yes
ac_cv_env_CC_set=
ac_cv_env_CC_value=
ac_cv_env_CFLAGS_set=
ac_cv_env_CFLAGS_value=
ac_cv_env_CPPFLAGS_set=
ac_cv_env_CPPFLAGS_value=
ac_cv_env_CPP_set=
ac_cv_env_CPP_value=
ac_cv_env_LDFLAGS_set=
ac_cv_env_LDFLAGS_value=
ac_cv_env_LIBS_set=
ac_cv_env_LIBS_value=
ac_cv_env_build_alias_set=
ac_cv_env_build_alias_value=
ac_cv_env_host_alias_set=
ac_cv_env_host_alias_value=
ac_cv_env_target_alias_set=
ac_cv_env_target_alias_value=
ac_cv_fvisibility_hidden=yes
ac_cv_header_dlfcn_h=yes
ac_cv_header_inttypes_h=yes
ac_cv_header_memory_h=yes
ac_cv_header_stdc=yes
ac_cv_header_stdint_h=yes
ac_cv_header_stdlib_h=yes
ac_cv_header_string_h=yes
ac_cv_header_strings_h=yes
ac_cv_header_sys_stat_h=yes
ac_cv_header_sys_types_h=yes
ac_cv_header_unistd_h=yes
ac_cv_host=i686-pc-linux-gnu
ac_cv_objext=o
ac_cv_path_EGREP='/bin/grep -E'
ac_cv_path_FGREP='/bin/grep -F'
ac_cv_path_GREP=/bin/grep
ac_cv_path_SED=/bin/sed
ac_cv_path_install='/usr/bin/install -c'
ac_cv_path_mkdir=/bin/mkdir
ac_cv_prog_AWK=mawk
ac_cv_prog_CPP='gcc -E'
ac_cv_prog_ac_ct_AR=ar
ac_cv_prog_ac_ct_CC=gcc
ac_cv_prog_ac_ct_MANIFEST_TOOL=mt
ac_cv_prog_ac_ct_OBJDUMP=objdump
ac_cv_prog_ac_ct_RANLIB=ranlib
ac_cv_prog_ac_ct_STRIP=strip
ac_cv_prog_cc_c89=
ac_cv_prog_cc_g=yes
ac_cv_prog_cc_gcc_c_o=yes
ac_cv_prog_make_make_set=yes
am_cv_CC_dependencies_compiler_type=gcc3
am_cv_make_support_nested_variables=yes
am_cv_prog_tar_pax=gnutar
lt_cv_ar_at_file=@
lt_cv_archive_cmds_need_lc=no
lt_cv_deplibs_check_method=pass_all
lt_cv_file_magic_cmd='$MAGIC_CMD'
lt_cv_file_magic_test_file=
lt_cv_ld_reload_flag=-r
lt_cv_nm_interface='BSD nm'
lt_cv_objdir=.libs
lt_cv_path_LD=/usr/bin/ld
lt_cv_path_NM='/usr/bin/nm -B'
lt_cv_path_mainfest_tool=no
lt_cv_prog_compiler_c_o=yes
lt_cv_prog_compiler_pic='-fPIC -DPIC'
lt_cv_prog_compiler_pic_works=yes
lt_cv_prog_compiler_rtti_exceptions=no
lt_cv_prog_compiler_static_works=yes
lt_cv_prog_gnu_ld=yes
lt_cv_sharedlib_from_linklib_cmd='printf %s\n'
lt_cv_shlibpath_overrides_runpath=no
lt_cv_sys_global_symbol_pipe='sed -n -e '\''s/^.*[	 ]\([ABCDGIRSTW][ABCDGIRSTW]*\)[	 ][	 ]*\([_A-Za-z][_A-Za-z0-9]*\)$/\1 \2 \2/p'\'' | sed '\''/ __gnu_lto/d'\'''
lt_cv_sys_global_symbol_to_c_name_address='sed -n -e '\''s/^: \([^ ]*\)[ ]*$/  {\"\1\", (void *) 0},/p'\'' -e '\''s/^[ABCDGIRSTW]* \([^ ]*\) \([^ ]*\)$/  {"\2", (void *) \&\2},/p'\'''
lt_cv_sys_global_symbol_to_c_name_address_lib_prefix='sed -n -e '\''s/^: \([^ ]*\)[ ]*$/  {\"\1\", (void *) 0},/p'\'' -e '\''s/^[ABCDGIRSTW]* \([^ ]*\) \(lib[^ ]*\)$/  {"\2", (void *) \&\2},/p'\'' -e '\''s/^[ABCDGIRSTW]* \([^ ]*\) \([^ ]*\)$/  {"lib\2", (void *) \&\2},/p'\'''
lt_cv_sys_global_symbol_to_cdecl='sed -n -e '\''s/^T .* \(.*\)$/extern int \1();/p'\'' -e '\''s/^[ABCDGIRSTW]* .* \(.*\)$/extern char \1;/p'\'''
lt_cv_sys_max_cmd_len=1572864
lt_cv_to_host_file_cmd=func_convert_file_noop
lt_cv_to_tool_file_cmd=func_convert_file_noop

## ----------------- ##
## Output variables. ##
## ----------------- ##

ACLOCAL='${SHELL} /home/twg/Desktop/libmnl-1.0.3/build-aux/missing --run aclocal-1.11'
AMDEPBACKSLASH='\'
AMDEP_FALSE='#'
AMDEP_TRUE=''
AMTAR='$${TAR-tar}'
AM_BACKSLASH='\'
AM_DEFAULT_V='$(AM_DEFAULT_VERBOSITY)'
AM_DEFAULT_VERBOSITY='0'
AM_V='$(V)'
AR='ar'
AUTOCONF='${SHELL} /home/twg/Desktop/libmnl-1.0.3/build-aux/missing --run autoconf'
AUTOHEADER='${SHELL} /home/twg/Desktop/libmnl-1.0.3/build-aux/missing --run autoheader'
AUTOMAKE='${SHELL} /home/twg/Desktop/libmnl-1.0.3/build-aux/missing --run automake-1.11'
AWK='mawk'
CC='gcc'
CCDEPMODE='depmode=gcc3'
CFLAGS='-g -O2'
CPP='gcc -E'
CPPFLAGS=''
CYGPATH_W='echo'
DEFS='-DHAVE_CONFIG_H'
DEPDIR='.deps'
DLLTOOL='false'
DSYMUTIL=''
DUMPBIN=''
ECHO_C=''
ECHO_N='-n'
ECHO_T=''
EGREP='/bin/grep -E'
EXEEXT=''
FGREP='/bin/grep -F'
GCC_FVISIBILITY_HIDDEN='-fvisibility=hidden'
GREP='/bin/grep'
INSTALL_DATA='${INSTALL} -m 644'
INSTALL_PROGRAM='${INSTALL}'
INSTALL_SCRIPT='${INSTALL}'
INSTALL_STRIP_PROGRAM='$(install_sh) -c -s'
LD='/usr/bin/ld'
LDFLAGS=''
LIBOBJS=''
LIBS=''
LIBTOOL='$(SHELL) $(top_builddir)/libtool'
LIPO=''
LN_S='ln -s'
LTLIBOBJS=''
MAKEINFO='${SHELL} /home/twg/Desktop/libmnl-1.0.3/build-aux/missing --run makeinfo'
MANIFEST_TOOL=':'
MKDIR_P='/bin/mkdir -p'
NM='/usr/bin/nm -B'
NMEDIT=''
OBJDUMP='objdump'
OBJEXT='o'
OTOOL64=''
OTOOL=''
PACKAGE='libmnl'
PACKAGE_BUGREPORT=''
PACKAGE_NAME='libmnl'
PACKAGE_STRING='libmnl 1.0.3'
PACKAGE_TARNAME='libmnl'
PACKAGE_URL=''
PACKAGE_VERSION='1.0.3'
PATH_SEPARATOR=':'
RANLIB='ranlib'
SED='/bin/sed'
SET_MAKE=''
SHELL='/bin/bash'
STRIP='strip'
VERSION='1.0.3'
ac_ct_AR='ar'
ac_ct_CC='gcc'
ac_ct_DUMPBIN=''
am__EXEEXT_FALSE=''
am__EXEEXT_TRUE='#'
am__fastdepCC_FALSE='#'
am__fastdepCC_TRUE=''
am__include='include'
am__isrc=''
am__leading_dot='.'
am__nodep='_no'
am__quote=''
am__tar='tar --format=posix -chf - "$$tardir"'
am__untar='tar -xf -'
bindir='${exec_prefix}/bin'
build='i686-pc-linux-gnu'
build_alias=''
build_cpu='i686'
build_os='linux-gnu'
build_vendor='pc'
datadir='${datarootdir}'
datarootdir='${prefix}/share'
docdir='${datarootdir}/doc/${PACKAGE_TARNAME}'
dvidir='${docdir}'
exec_prefix='${prefix}'
host='i686-pc-linux-gnu'
host_alias=''
host_cpu='i686'
host_os='linux-gnu'
host_vendor='pc'
htmldir='${docdir}'
includedir='${prefix}/include'
infodir='${datarootdir}/info'
install_sh='${SHELL} /home/twg/Desktop/libmnl-1.0.3/build-aux/install-sh'
libdir='${exec_prefix}/lib'
libexecdir='${exec_prefix}/libexec'
localedir='${datarootdir}/locale'
localstatedir='${prefix}/var'
mandir='${datarootdir}/man'
mkdir_p='/bin/mkdir -p'
oldincludedir='/usr/include'
pdfdir='${docdir}'
prefix='/usr/local'
program_transform_name='s,x,x,'
psdir='${docdir}'
regular_CFLAGS='-Wall -Waggregate-return -Wmissing-declarations 	-Wmissing-prototypes -Wshadow -Wstrict-prototypes 	-Wformat=2 -pipe'
regular_CPPFLAGS='-D_FILE_OFFSET_BITS=64 -D_REENTRANT'
sbindir='${exec_prefix}/sbin'
sharedstatedir='${prefix}/com'
sysconfdir='${prefix}/etc'
target_alias=''

## ----------- ##
## confdefs.h. ##
## ----------- ##

/* confdefs.h */
#define PACKAGE_NAME "libmnl"
#define PACKAGE_TARNAME "libmnl"
#define PACKAGE_VERSION "1.0.3"
#define PACKAGE_STRING "libmnl 1.0.3"
#define PACKAGE_BUGREPORT ""
#define PACKAGE_URL ""
#define PACKAGE "libmnl"
#define VERSION "1.0.3"
#define STDC_HEADERS 1
#define HAVE_SYS_TYPES_H 1
#define HAVE_SYS_STAT_H 1
#define HAVE_STDLIB_H 1
#define HAVE_STRING_H 1
#define HAVE_MEMORY_H 1
#define HAVE_STRINGS_H 1
#define HAVE_INTTYPES_H 1
#define HAVE_STDINT_H 1
#define HAVE_UNISTD_H 1
#define HAVE_DLFCN_H 1
#define LT_OBJDIR ".libs/"
#define HAVE_VISIBILITY_HIDDEN 1

configure: exit 0
